<?xml version="1.0" encoding="UTF-8"?>
<testng-results ignored="0" total="1" passed="1" failed="0" skipped="0">
  <reporter-output>
  </reporter-output>
  <suite started-at="2022-12-09T16:10:06 EST" name="Default suite" finished-at="2022-12-09T16:10:21 EST" duration-ms="15356">
    <groups>
    </groups>
    <test started-at="2022-12-09T16:10:06 EST" name="Default test" finished-at="2022-12-09T16:10:21 EST" duration-ms="15356">
      <class name="scripts.Testcase2">
        <test-method is-config="true" signature="openApp()[pri:0, instance:scripts.Testcase2@1139b2f3]" started-at="2022-12-09T16:10:06 EST" name="openApp" finished-at="2022-12-09T16:10:13 EST" duration-ms="7282" status="PASS">
          <reporter-output>
          </reporter-output>
        </test-method> <!-- openApp -->
        <test-method signature="tc2()[pri:0, instance:scripts.Testcase2@1139b2f3]" started-at="2022-12-09T16:10:13 EST" name="tc2" finished-at="2022-12-09T16:10:21 EST" duration-ms="8042" status="PASS">
          <reporter-output>
          </reporter-output>
        </test-method> <!-- tc2 -->
      </class> <!-- scripts.Testcase2 -->
    </test> <!-- Default test -->
  </suite> <!-- Default suite -->
</testng-results>
